[debug] [2026-02-06T10:00:27.034Z] ----------------------------------------------------------------------
[debug] [2026-02-06T10:00:27.039Z] Command:       C:\Program Files\nodejs\node.exe C:\Users\raman\AppData\Roaming\npm\node_modules\firebase-tools\lib\bin\firebase.js deploy
[debug] [2026-02-06T10:00:27.040Z] CLI Version:   15.2.1
[debug] [2026-02-06T10:00:27.041Z] Platform:      win32
[debug] [2026-02-06T10:00:27.041Z] Node Version:  v24.11.0
[debug] [2026-02-06T10:00:27.041Z] Time:          Fri Feb 06 2026 15:30:27 GMT+0530 (India Standard Time)
[debug] [2026-02-06T10:00:27.041Z] ----------------------------------------------------------------------
[debug] 
[debug] [2026-02-06T10:00:30.073Z] > command requires scopes: ["email","openid","https://www.googleapis.com/auth/cloudplatformprojects.readonly","https://www.googleapis.com/auth/firebase","https://www.googleapis.com/auth/cloud-platform"]
[debug] [2026-02-06T10:00:30.073Z] > authorizing via signed-in user (ramana9000r@gmail.com)
[debug] [2026-02-06T10:00:30.074Z] [iam] checking project allindiajobs-36405 for permissions ["firebase.projects.get","firebasedatabase.instances.update","firebasehosting.sites.update"]
[debug] [2026-02-06T10:00:30.075Z] Checked if tokens are valid: false, expires at: 1770372573618
[debug] [2026-02-06T10:00:30.075Z] Checked if tokens are valid: false, expires at: 1770372573618
[debug] [2026-02-06T10:00:30.076Z] > refreshing access token with scopes: []
[debug] [2026-02-06T10:00:30.080Z] >>> [apiv2][query] POST https://www.googleapis.com/oauth2/v3/token [none]
[debug] [2026-02-06T10:00:30.080Z] >>> [apiv2][body] POST https://www.googleapis.com/oauth2/v3/token [omitted]
[debug] [2026-02-06T10:00:30.368Z] <<< [apiv2][status] POST https://www.googleapis.com/oauth2/v3/token 200
[debug] [2026-02-06T10:00:30.368Z] <<< [apiv2][body] POST https://www.googleapis.com/oauth2/v3/token [omitted]
[debug] [2026-02-06T10:00:30.376Z] >>> [apiv2][query] POST https://cloudresourcemanager.googleapis.com/v1/projects/allindiajobs-36405:testIamPermissions [none]
[debug] [2026-02-06T10:00:30.376Z] >>> [apiv2][(partial)header] POST https://cloudresourcemanager.googleapis.com/v1/projects/allindiajobs-36405:testIamPermissions x-goog-quota-user=projects/allindiajobs-36405
[debug] [2026-02-06T10:00:30.376Z] >>> [apiv2][body] POST https://cloudresourcemanager.googleapis.com/v1/projects/allindiajobs-36405:testIamPermissions {"permissions":["firebase.projects.get","firebasedatabase.instances.update","firebasehosting.sites.update"]}
[debug] [2026-02-06T10:00:31.888Z] <<< [apiv2][status] POST https://cloudresourcemanager.googleapis.com/v1/projects/allindiajobs-36405:testIamPermissions 200
[debug] [2026-02-06T10:00:31.888Z] <<< [apiv2][body] POST https://cloudresourcemanager.googleapis.com/v1/projects/allindiajobs-36405:testIamPermissions {"permissions":["firebase.projects.get","firebasedatabase.instances.update","firebasehosting.sites.update"]}
[debug] [2026-02-06T10:00:31.889Z] Checked if tokens are valid: true, expires at: 1770375629368
[debug] [2026-02-06T10:00:31.889Z] Checked if tokens are valid: true, expires at: 1770375629368
[debug] [2026-02-06T10:00:31.889Z] >>> [apiv2][query] GET https://firebase.googleapis.com/v1beta1/projects/allindiajobs-36405 [none]
[debug] [2026-02-06T10:00:32.273Z] <<< [apiv2][status] GET https://firebase.googleapis.com/v1beta1/projects/allindiajobs-36405 200
[debug] [2026-02-06T10:00:32.273Z] <<< [apiv2][body] GET https://firebase.googleapis.com/v1beta1/projects/allindiajobs-36405 {"projectId":"allindiajobs-36405","projectNumber":"615657521468","displayName":"Allindiajobs","name":"projects/allindiajobs-36405","resources":{"hostingSite":"allindiajobs-36405","realtimeDatabaseInstance":"allindiajobs-36405-default-rtdb"},"state":"ACTIVE","etag":"1_ac2d38d0-29f1-4272-885f-0e0daf464975"}
[debug] [2026-02-06T10:00:32.274Z] Checked if tokens are valid: true, expires at: 1770375629368
[debug] [2026-02-06T10:00:32.274Z] Checked if tokens are valid: true, expires at: 1770375629368
[debug] [2026-02-06T10:00:32.274Z] >>> [apiv2][query] GET https://firebase.googleapis.com/v1beta1/projects/allindiajobs-36405 [none]
[debug] [2026-02-06T10:00:33.452Z] <<< [apiv2][status] GET https://firebase.googleapis.com/v1beta1/projects/allindiajobs-36405 200
[debug] [2026-02-06T10:00:33.452Z] <<< [apiv2][body] GET https://firebase.googleapis.com/v1beta1/projects/allindiajobs-36405 {"projectId":"allindiajobs-36405","projectNumber":"615657521468","displayName":"Allindiajobs","name":"projects/allindiajobs-36405","resources":{"hostingSite":"allindiajobs-36405","realtimeDatabaseInstance":"allindiajobs-36405-default-rtdb"},"state":"ACTIVE","etag":"1_ac2d38d0-29f1-4272-885f-0e0daf464975"}
[info] 
[info] === Deploying to 'allindiajobs-36405'...
[info] 
[info] i  deploying database, hosting 
[info] i  database: checking rules syntax... 
[debug] [2026-02-06T10:00:33.458Z] Checked if tokens are valid: true, expires at: 1770375629368
[debug] [2026-02-06T10:00:33.458Z] Checked if tokens are valid: true, expires at: 1770375629368
[debug] [2026-02-06T10:00:33.458Z] >>> [apiv2][query] GET https://firebasedatabase.googleapis.com/v1beta/projects/allindiajobs-36405/locations/-/instances/allindiajobs-36405-default-rtdb [none]
[debug] [2026-02-06T10:00:35.130Z] <<< [apiv2][status] GET https://firebasedatabase.googleapis.com/v1beta/projects/allindiajobs-36405/locations/-/instances/allindiajobs-36405-default-rtdb 200
[debug] [2026-02-06T10:00:35.130Z] <<< [apiv2][body] GET https://firebasedatabase.googleapis.com/v1beta/projects/allindiajobs-36405/locations/-/instances/allindiajobs-36405-default-rtdb {"name":"projects/615657521468/locations/us-central1/instances/allindiajobs-36405-default-rtdb","project":"projects/615657521468","databaseUrl":"https://allindiajobs-36405-default-rtdb.firebaseio.com","type":"DEFAULT_DATABASE","state":"ACTIVE"}
[debug] [2026-02-06T10:00:35.132Z] Checked if tokens are valid: true, expires at: 1770375629368
[debug] [2026-02-06T10:00:35.132Z] Checked if tokens are valid: true, expires at: 1770375629368
[debug] [2026-02-06T10:00:35.133Z] >>> [apiv2][query] PUT https://allindiajobs-36405-default-rtdb.firebaseio.com/.settings/rules.json dryRun=true
[debug] [2026-02-06T10:00:35.133Z] >>> [apiv2][body] PUT https://allindiajobs-36405-default-rtdb.firebaseio.com/.settings/rules.json "{\r\n  \"rules\": {\r\n    \".read\": true,\r\n    \".write\": true\r\n  }\r\n}\r\n\r\n"
[debug] [2026-02-06T10:00:35.841Z] <<< [apiv2][status] PUT https://allindiajobs-36405-default-rtdb.firebaseio.com/.settings/rules.json 200
[debug] [2026-02-06T10:00:35.841Z] <<< [apiv2][body] PUT https://allindiajobs-36405-default-rtdb.firebaseio.com/.settings/rules.json {"status":"ok"}
[info] +  database: rules syntax for database allindiajobs-36405-default-rtdb is valid 
[debug] [2026-02-06T10:00:35.848Z] Checked if tokens are valid: true, expires at: 1770375629368
[debug] [2026-02-06T10:00:35.848Z] Checked if tokens are valid: true, expires at: 1770375629368
[debug] [2026-02-06T10:00:35.848Z] >>> [apiv2][query] POST https://firebasehosting.googleapis.com/v1beta1/projects/-/sites/allindiajobs-36405/versions [none]
[debug] [2026-02-06T10:00:35.848Z] >>> [apiv2][body] POST https://firebasehosting.googleapis.com/v1beta1/projects/-/sites/allindiajobs-36405/versions {"status":"CREATED","labels":{"deployment-tool":"cli-firebase"}}
[debug] [2026-02-06T10:00:37.597Z] <<< [apiv2][status] POST https://firebasehosting.googleapis.com/v1beta1/projects/-/sites/allindiajobs-36405/versions 200
[debug] [2026-02-06T10:00:37.597Z] <<< [apiv2][body] POST https://firebasehosting.googleapis.com/v1beta1/projects/-/sites/allindiajobs-36405/versions {"name":"projects/615657521468/sites/allindiajobs-36405/versions/ce48632a537abece","status":"CREATED","config":{},"labels":{"deployment-tool":"cli-firebase"}}
[info] i  hosting[allindiajobs-36405]: beginning deploy... 
[info] i  hosting[allindiajobs-36405]: found 10 files in dist/allindiajobs/browser 
[debug] [2026-02-06T10:00:37.623Z] [hosting] uploading with 200 concurrency
[debug] [2026-02-06T10:00:37.664Z] Checked if tokens are valid: true, expires at: 1770375629368
[debug] [2026-02-06T10:00:37.664Z] Checked if tokens are valid: true, expires at: 1770375629368
[debug] [2026-02-06T10:00:37.665Z] [hosting] hash cache [ZGlzdFxhbGxpbmRpYWpvYnNcYnJvd3Nlcg] stored for 10 files
[debug] [2026-02-06T10:00:37.665Z] [hosting][hash queue][FINAL] {"max":37,"min":1,"avg":8.7,"active":0,"complete":10,"success":10,"errored":0,"retried":0,"total":10,"elapsed":40}
[debug] [2026-02-06T10:00:37.665Z] >>> [apiv2][query] POST https://firebasehosting.googleapis.com/v1beta1/projects/615657521468/sites/allindiajobs-36405/versions/ce48632a537abece:populateFiles [none]
[debug] [2026-02-06T10:00:37.665Z] >>> [apiv2][body] POST https://firebasehosting.googleapis.com/v1beta1/projects/615657521468/sites/allindiajobs-36405/versions/ce48632a537abece:populateFiles {"files":{"/google58db05111f9e482c.html":"a3bd765929a16a5cee6445dd702f2ccb31ee2523421b8bf79c914350a2d4a479\r","/favicon.ico":"1557294f8d210fc0f97db5ca6261c110671640e1a666da4b6d268eab644f08a0\r","/assets/images/logo.png":"464d97ef65ffad91fa904a9ff8972a73ca6e898f336ecc4c321ac22129733735\r","/assets/icons/site.webmanifest":"cf8f2bb5df8dfc17b774e118685877b3236d0d1e25a3d0f3110a57e6103389af\r","/index.html":"4cfc19cd6fd3dee95432cc38f7b4ebe9bef876419b87be590568d5d3737e77b0","/chunk-DAQOROHW.js":"5b6abc7971ccf75ef3c6ddf0e592e1acd2d9855f8b9e2cc7cb3353c55c1a9c38","/scripts-TTWY4XDY.js":"95a6ca122ca345bd7809f0764e793eb06d30d21758438f9a61bdc91c033b80b4","/styles-KDNLI355.css":"fdb00b10a9894f657b40d695e9a1c12921fb980013a01fc6cb804168f2e1bcb5","/chunk-Y2VUZKWR.js":"d8491712e8475dc641c88ca2f865b2a60706ee5a8b0aff6289932a31344e8663","/main-WT7GYVHV.js":"b476dc12f3f0306d06b63645e83c9026f22a6966c774113a351f0a295075deb3"}}
[debug] [2026-02-06T10:00:38.054Z] <<< [apiv2][status] POST https://firebasehosting.googleapis.com/v1beta1/projects/615657521468/sites/allindiajobs-36405/versions/ce48632a537abece:populateFiles 200
[debug] [2026-02-06T10:00:38.055Z] <<< [apiv2][body] POST https://firebasehosting.googleapis.com/v1beta1/projects/615657521468/sites/allindiajobs-36405/versions/ce48632a537abece:populateFiles {"uploadRequiredHashes":["b476dc12f3f0306d06b63645e83c9026f22a6966c774113a351f0a295075deb3","4cfc19cd6fd3dee95432cc38f7b4ebe9bef876419b87be590568d5d3737e77b0"],"uploadUrl":"https://upload-firebasehosting.googleapis.com/upload/sites/allindiajobs-36405/versions/ce48632a537abece/files"}
[debug] [2026-02-06T10:00:38.055Z] Checked if tokens are valid: true, expires at: 1770375629368
[debug] [2026-02-06T10:00:38.056Z] Checked if tokens are valid: true, expires at: 1770375629368
[debug] [2026-02-06T10:00:38.056Z] Checked if tokens are valid: true, expires at: 1770375629368
[debug] [2026-02-06T10:00:38.056Z] Checked if tokens are valid: true, expires at: 1770375629368
[debug] [2026-02-06T10:00:38.056Z] >>> [apiv2][query] POST https://upload-firebasehosting.googleapis.com/upload/sites/allindiajobs-36405/versions/ce48632a537abece/files/b476dc12f3f0306d06b63645e83c9026f22a6966c774113a351f0a295075deb3 [none]
[debug] [2026-02-06T10:00:38.056Z] >>> [apiv2][body] POST https://upload-firebasehosting.googleapis.com/upload/sites/allindiajobs-36405/versions/ce48632a537abece/files/b476dc12f3f0306d06b63645e83c9026f22a6966c774113a351f0a295075deb3 [stream]
[debug] [2026-02-06T10:00:38.058Z] >>> [apiv2][query] POST https://upload-firebasehosting.googleapis.com/upload/sites/allindiajobs-36405/versions/ce48632a537abece/files/4cfc19cd6fd3dee95432cc38f7b4ebe9bef876419b87be590568d5d3737e77b0 [none]
[debug] [2026-02-06T10:00:38.058Z] >>> [apiv2][body] POST https://upload-firebasehosting.googleapis.com/upload/sites/allindiajobs-36405/versions/ce48632a537abece/files/4cfc19cd6fd3dee95432cc38f7b4ebe9bef876419b87be590568d5d3737e77b0 [stream]
[debug] [2026-02-06T10:00:38.060Z] [hosting][populate queue][FINAL] {"max":393,"min":393,"avg":393,"active":0,"complete":1,"success":1,"errored":0,"retried":0,"total":1,"elapsed":397}
[debug] [2026-02-06T10:00:38.060Z] [hosting] uploads queued: 2
[debug] [2026-02-06T10:00:39.323Z] <<< [apiv2][status] POST https://upload-firebasehosting.googleapis.com/upload/sites/allindiajobs-36405/versions/ce48632a537abece/files/4cfc19cd6fd3dee95432cc38f7b4ebe9bef876419b87be590568d5d3737e77b0 200
[debug] [2026-02-06T10:00:39.323Z] <<< [apiv2][body] POST https://upload-firebasehosting.googleapis.com/upload/sites/allindiajobs-36405/versions/ce48632a537abece/files/4cfc19cd6fd3dee95432cc38f7b4ebe9bef876419b87be590568d5d3737e77b0 [stream]
[debug] [2026-02-06T10:00:39.730Z] <<< [apiv2][status] POST https://upload-firebasehosting.googleapis.com/upload/sites/allindiajobs-36405/versions/ce48632a537abece/files/b476dc12f3f0306d06b63645e83c9026f22a6966c774113a351f0a295075deb3 200
[debug] [2026-02-06T10:00:39.730Z] <<< [apiv2][body] POST https://upload-firebasehosting.googleapis.com/upload/sites/allindiajobs-36405/versions/ce48632a537abece/files/b476dc12f3f0306d06b63645e83c9026f22a6966c774113a351f0a295075deb3 [stream]
[debug] [2026-02-06T10:00:39.730Z] [hosting][upload queue][FINAL] {"max":1675,"min":1267,"avg":1471,"active":0,"complete":2,"success":2,"errored":0,"retried":0,"total":2,"elapsed":1675}
[info] +  hosting[allindiajobs-36405]: file upload complete 
[debug] [2026-02-06T10:00:39.734Z] [hosting] deploy completed after 2134ms
[info] i  database: releasing rules... 
[debug] [2026-02-06T10:00:39.735Z] Checked if tokens are valid: true, expires at: 1770375629368
[debug] [2026-02-06T10:00:39.736Z] Checked if tokens are valid: true, expires at: 1770375629368
[debug] [2026-02-06T10:00:39.736Z] >>> [apiv2][query] GET https://firebasedatabase.googleapis.com/v1beta/projects/allindiajobs-36405/locations/-/instances/allindiajobs-36405-default-rtdb [none]
[debug] [2026-02-06T10:50:31.001Z] *** [apiv2] error from fetch(https://firebasedatabase.googleapis.com/v1beta/projects/allindiajobs-36405/locations/-/instances/allindiajobs-36405-default-rtdb, {"headers":{},"method":"GET","signal":{"reason":""}}): FetchError: request to https://firebasedatabase.googleapis.com/v1beta/projects/allindiajobs-36405/locations/-/instances/allindiajobs-36405-default-rtdb failed, reason: read ECONNRESET
[debug] [2026-02-06T10:50:31.002Z] Failed to make request to https://firebasedatabase.googleapis.com/v1beta/projects/allindiajobs-36405/locations/-/instances/allindiajobs-36405-default-rtdb
